# JRE version: OpenJDK Runtime Environment (21.0.3) (build 21.0.3+-12282718-b509.11)
# Java VM: OpenJDK 64-Bit Server VM (21.0.3+-12282718-b509.11, mixed mode, tiered, compressed oops, compressed class ptrs, g1 gc, windows-amd64)
GC Precious Log:
 CardTable entry size: 512
 Card Set container configuration: InlinePtr #cards 5 size 8 Array Of Cards #cards 12 size 40 Howl #buckets 4 coarsen threshold 1843 Howl Bitmap #cards 512 size 80 coarsen threshold 460 Card regions per heap region 1 cards per card region 2048
 CPUs: 6 total, 6 available
 Memory: 12230M
 Large Page Support: Disabled
 NUMA Support: Disabled
 Compressed Oops: Enabled (32-bit)
 Heap Region Size: 1M
 Heap Min Capacity: 8M
 Heap Initial Capacity: 192M
 Heap Max Capacity: 2G
 Pre-touch: Disabled
 Parallel Workers: 6
 Concurrent Workers: 2
 Concurrent Refinement Workers: 6
 Periodic GC: Disabled
Heap:
 garbage-first heap   total 441344K, used 320000K [0x0000000080000000, 0x0000000100000000)
  region size 1024K, 35 young (35840K), 7 survivors (7168K)
 Metaspace       used 212319K, committed 215296K, reserved 1245184K
  class space    used 27149K, committed 28672K, reserved 1048576K
GC Heap History (20 events):
Event: 72.663 GC heap before
{Heap before GC invocations=65 (full 0):
 garbage-first heap   total 406528K, used 374387K [0x0000000080000000, 0x0000000100000000)
  region size 1024K, 139 young (142336K), 6 survivors (6144K)
 Metaspace       used 180238K, committed 182912K, reserved 1245184K
  class space    used 23259K, committed 24640K, reserved 1048576K
}
Event: 72.668 GC heap after
{Heap after GC invocations=66 (full 0):
 garbage-first heap   total 406528K, used 239953K [0x0000000080000000, 0x0000000100000000)
  region size 1024K, 8 young (8192K), 8 survivors (8192K)
 Metaspace       used 180238K, committed 182912K, reserved 1245184K
  class space    used 23259K, committed 24640K, reserved 1048576K
}
Event: 74.722 GC heap before
{Heap before GC invocations=67 (full 0):
 garbage-first heap   total 406528K, used 371025K [0x0000000080000000, 0x0000000100000000)
  region size 1024K, 141 young (144384K), 8 survivors (8192K)
 Metaspace       used 185484K, committed 188160K, reserved 1245184K
  class space    used 23942K, committed 25280K, reserved 1048576K
}
Event: 74.728 GC heap after
{Heap after GC invocations=68 (full 0):
 garbage-first heap   total 406528K, used 237307K [0x0000000080000000, 0x0000000100000000)
  region size 1024K, 11 young (11264K), 11 survivors (11264K)
 Metaspace       used 185484K, committed 188160K, reserved 1245184K
  class space    used 23942K, committed 25280K, reserved 1048576K
}
Event: 76.090 GC heap before
{Heap before GC invocations=68 (full 0):
 garbage-first heap   total 406528K, used 375547K [0x0000000080000000, 0x0000000100000000)
  region size 1024K, 144 young (147456K), 11 survivors (11264K)
 Metaspace       used 194667K, committed 197440K, reserved 1245184K
  class space    used 25160K, committed 26560K, reserved 1048576K
}
Event: 76.098 GC heap after
{Heap after GC invocations=69 (full 0):
 garbage-first heap   total 406528K, used 239347K [0x0000000080000000, 0x0000000100000000)
  region size 1024K, 17 young (17408K), 17 survivors (17408K)
 Metaspace       used 194667K, committed 197440K, reserved 1245184K
  class space    used 25160K, committed 26560K, reserved 1048576K
}
Event: 76.528 GC heap before
{Heap before GC invocations=69 (full 0):
 garbage-first heap   total 406528K, used 366323K [0x0000000080000000, 0x0000000100000000)
  region size 1024K, 141 young (144384K), 17 survivors (17408K)
 Metaspace       used 194685K, committed 197440K, reserved 1245184K
  class space    used 25161K, committed 26560K, reserved 1048576K
}
Event: 76.537 GC heap after
{Heap after GC invocations=70 (full 0):
 garbage-first heap   total 406528K, used 239221K [0x0000000080000000, 0x0000000100000000)
  region size 1024K, 8 young (8192K), 8 survivors (8192K)
 Metaspace       used 194685K, committed 197440K, reserved 1245184K
  class space    used 25161K, committed 26560K, reserved 1048576K
}
Event: 78.095 GC heap before
{Heap before GC invocations=71 (full 0):
 garbage-first heap   total 430080K, used 380533K [0x0000000080000000, 0x0000000100000000)
  region size 1024K, 142 young (145408K), 8 survivors (8192K)
 Metaspace       used 199256K, committed 202048K, reserved 1245184K
  class space    used 25592K, committed 27008K, reserved 1048576K
}
Event: 78.101 GC heap after
{Heap after GC invocations=72 (full 0):
 garbage-first heap   total 430080K, used 237312K [0x0000000080000000, 0x0000000100000000)
  region size 1024K, 8 young (8192K), 8 survivors (8192K)
 Metaspace       used 199256K, committed 202048K, reserved 1245184K
  class space    used 25592K, committed 27008K, reserved 1048576K
}
Event: 81.010 GC heap before
{Heap before GC invocations=72 (full 0):
 garbage-first heap   total 430080K, used 400128K [0x0000000080000000, 0x0000000100000000)
  region size 1024K, 167 young (171008K), 8 survivors (8192K)
 Metaspace       used 200187K, committed 202944K, reserved 1245184K
  class space    used 25675K, committed 27072K, reserved 1048576K
}
Event: 81.020 GC heap after
{Heap after GC invocations=73 (full 0):
 garbage-first heap   total 430080K, used 238358K [0x0000000080000000, 0x0000000100000000)
  region size 1024K, 16 young (16384K), 16 survivors (16384K)
 Metaspace       used 200187K, committed 202944K, reserved 1245184K
  class space    used 25675K, committed 27072K, reserved 1048576K
}
Event: 96.617 GC heap before
{Heap before GC invocations=73 (full 0):
 garbage-first heap   total 430080K, used 390934K [0x0000000080000000, 0x0000000100000000)
  region size 1024K, 166 young (169984K), 16 survivors (16384K)
 Metaspace       used 206072K, committed 208896K, reserved 1245184K
  class space    used 26341K, committed 27776K, reserved 1048576K
}
Event: 96.633 GC heap after
{Heap after GC invocations=74 (full 0):
 garbage-first heap   total 430080K, used 248633K [0x0000000080000000, 0x0000000100000000)
  region size 1024K, 19 young (19456K), 19 survivors (19456K)
 Metaspace       used 206072K, committed 208896K, reserved 1245184K
  class space    used 26341K, committed 27776K, reserved 1048576K
}
Event: 454.921 GC heap before
{Heap before GC invocations=75 (full 0):
 garbage-first heap   total 430080K, used 387897K [0x0000000080000000, 0x0000000100000000)
  region size 1024K, 156 young (159744K), 19 survivors (19456K)
 Metaspace       used 208979K, committed 211840K, reserved 1245184K
  class space    used 26695K, committed 28160K, reserved 1048576K
}
Event: 454.945 GC heap after
{Heap after GC invocations=76 (full 0):
 garbage-first heap   total 430080K, used 259250K [0x0000000080000000, 0x0000000100000000)
  region size 1024K, 12 young (12288K), 12 survivors (12288K)
 Metaspace       used 208979K, committed 211840K, reserved 1245184K
  class space    used 26695K, committed 28160K, reserved 1048576K
}
Event: 456.420 GC heap before
{Heap before GC invocations=76 (full 0):
 garbage-first heap   total 430080K, used 397490K [0x0000000080000000, 0x0000000100000000)
  region size 1024K, 145 young (148480K), 12 survivors (12288K)
 Metaspace       used 211808K, committed 214720K, reserved 1245184K
  class space    used 27101K, committed 28544K, reserved 1048576K
}
Event: 456.448 GC heap after
{Heap after GC invocations=77 (full 0):
 garbage-first heap   total 441344K, used 280541K [0x0000000080000000, 0x0000000100000000)
  region size 1024K, 19 young (19456K), 19 survivors (19456K)
 Metaspace       used 211808K, committed 214720K, reserved 1245184K
  class space    used 27101K, committed 28544K, reserved 1048576K
}
Event: 456.578 GC heap before
{Heap before GC invocations=77 (full 0):
 garbage-first heap   total 441344K, used 291805K [0x0000000080000000, 0x0000000100000000)
  region size 1024K, 32 young (32768K), 19 survivors (19456K)
 Metaspace       used 212071K, committed 214912K, reserved 1245184K
  class space    used 27119K, committed 28544K, reserved 1048576K
}
Event: 456.624 GC heap after
{Heap after GC invocations=78 (full 0):
 garbage-first heap   total 441344K, used 287232K [0x0000000080000000, 0x0000000100000000)
  region size 1024K, 7 young (7168K), 7 survivors (7168K)
 Metaspace       used 212071K, committed 214912K, reserved 1245184K
  class space    used 27119K, committed 28544K, reserved 1048576K
}

