# JRE version: OpenJDK Runtime Environment (21.0.3) (build 21.0.3+-12282718-b509.11)
# Java VM: OpenJDK 64-Bit Server VM (21.0.3+-12282718-b509.11, mixed mode, tiered, compressed oops, compressed class ptrs, g1 gc, windows-amd64)
GC Precious Log:
 CardTable entry size: 512
 Card Set container configuration: InlinePtr #cards 5 size 8 Array Of Cards #cards 12 size 40 Howl #buckets 4 coarsen threshold 1843 Howl Bitmap #cards 512 size 80 coarsen threshold 460 Card regions per heap region 1 cards per card region 2048
 CPUs: 6 total, 6 available
 Memory: 12230M
 Large Page Support: Disabled
 NUMA Support: Disabled
 Compressed Oops: Enabled (32-bit)
 Heap Region Size: 1M
 Heap Min Capacity: 8M
 Heap Initial Capacity: 192M
 Heap Max Capacity: 2G
 Pre-touch: Disabled
 Parallel Workers: 6
 Concurrent Workers: 2
 Concurrent Refinement Workers: 6
 Periodic GC: Disabled
Heap:
 garbage-first heap   total 360448K, used 259584K [0x0000000080000000, 0x0000000100000000)
  region size 1024K, 69 young (70656K), 17 survivors (17408K)
 Metaspace       used 144527K, committed 146880K, reserved 1179648K
  class space    used 19418K, committed 20608K, reserved 1048576K
GC Heap History (20 events):
Event: 18.898 GC heap before
{Heap before GC invocations=60 (full 0):
 garbage-first heap   total 293888K, used 264878K [0x0000000080000000, 0x0000000100000000)
  region size 1024K, 119 young (121856K), 8 survivors (8192K)
 Metaspace       used 126025K, committed 128192K, reserved 1179648K
  class space    used 16758K, committed 17856K, reserved 1048576K
}
Event: 18.905 GC heap after
{Heap after GC invocations=61 (full 0):
 garbage-first heap   total 293888K, used 137517K [0x0000000080000000, 0x0000000100000000)
  region size 1024K, 8 young (8192K), 8 survivors (8192K)
 Metaspace       used 126025K, committed 128192K, reserved 1179648K
  class space    used 16758K, committed 17856K, reserved 1048576K
}
Event: 19.197 GC heap before
{Heap before GC invocations=61 (full 0):
 garbage-first heap   total 293888K, used 262445K [0x0000000080000000, 0x0000000100000000)
  region size 1024K, 131 young (134144K), 8 survivors (8192K)
 Metaspace       used 126033K, committed 128256K, reserved 1179648K
  class space    used 16759K, committed 17856K, reserved 1048576K
}
Event: 19.203 GC heap after
{Heap after GC invocations=62 (full 0):
 garbage-first heap   total 293888K, used 137517K [0x0000000080000000, 0x0000000100000000)
  region size 1024K, 8 young (8192K), 8 survivors (8192K)
 Metaspace       used 126033K, committed 128256K, reserved 1179648K
  class space    used 16759K, committed 17856K, reserved 1048576K
}
Event: 19.633 GC heap before
{Heap before GC invocations=62 (full 0):
 garbage-first heap   total 293888K, used 268589K [0x0000000080000000, 0x0000000100000000)
  region size 1024K, 137 young (140288K), 8 survivors (8192K)
 Metaspace       used 126103K, committed 128256K, reserved 1179648K
  class space    used 16772K, committed 17856K, reserved 1048576K
}
Event: 19.638 GC heap after
{Heap after GC invocations=63 (full 0):
 garbage-first heap   total 293888K, used 137517K [0x0000000080000000, 0x0000000100000000)
  region size 1024K, 8 young (8192K), 8 survivors (8192K)
 Metaspace       used 126103K, committed 128256K, reserved 1179648K
  class space    used 16772K, committed 17856K, reserved 1048576K
}
Event: 20.212 GC heap before
{Heap before GC invocations=63 (full 0):
 garbage-first heap   total 293888K, used 268589K [0x0000000080000000, 0x0000000100000000)
  region size 1024K, 137 young (140288K), 8 survivors (8192K)
 Metaspace       used 126209K, committed 128384K, reserved 1179648K
  class space    used 16784K, committed 17856K, reserved 1048576K
}
Event: 20.219 GC heap after
{Heap after GC invocations=64 (full 0):
 garbage-first heap   total 293888K, used 139046K [0x0000000080000000, 0x0000000100000000)
  region size 1024K, 10 young (10240K), 10 survivors (10240K)
 Metaspace       used 126209K, committed 128384K, reserved 1179648K
  class space    used 16784K, committed 17856K, reserved 1048576K
}
Event: 21.365 GC heap before
{Heap before GC invocations=65 (full 0):
 garbage-first heap   total 293888K, used 266022K [0x0000000080000000, 0x0000000100000000)
  region size 1024K, 135 young (138240K), 10 survivors (10240K)
 Metaspace       used 129667K, committed 131904K, reserved 1179648K
  class space    used 17268K, committed 18368K, reserved 1048576K
}
Event: 21.373 GC heap after
{Heap after GC invocations=66 (full 0):
 garbage-first heap   total 293888K, used 146561K [0x0000000080000000, 0x0000000100000000)
  region size 1024K, 17 young (17408K), 17 survivors (17408K)
 Metaspace       used 129667K, committed 131904K, reserved 1179648K
  class space    used 17268K, committed 18368K, reserved 1048576K
}
Event: 22.015 GC heap before
{Heap before GC invocations=66 (full 0):
 garbage-first heap   total 293888K, used 259201K [0x0000000080000000, 0x0000000100000000)
  region size 1024K, 128 young (131072K), 17 survivors (17408K)
 Metaspace       used 134369K, committed 136576K, reserved 1179648K
  class space    used 17931K, committed 19008K, reserved 1048576K
}
Event: 22.039 GC heap after
{Heap after GC invocations=67 (full 0):
 garbage-first heap   total 296960K, used 160449K [0x0000000080000000, 0x0000000100000000)
  region size 1024K, 16 young (16384K), 16 survivors (16384K)
 Metaspace       used 134369K, committed 136576K, reserved 1179648K
  class space    used 17931K, committed 19008K, reserved 1048576K
}
Event: 22.301 GC heap before
{Heap before GC invocations=67 (full 0):
 garbage-first heap   total 296960K, used 263873K [0x0000000080000000, 0x0000000100000000)
  region size 1024K, 118 young (120832K), 16 survivors (16384K)
 Metaspace       used 137267K, committed 139520K, reserved 1179648K
  class space    used 18406K, committed 19520K, reserved 1048576K
}
Event: 22.322 GC heap after
{Heap after GC invocations=68 (full 0):
 garbage-first heap   total 300032K, used 179200K [0x0000000080000000, 0x0000000100000000)
  region size 1024K, 15 young (15360K), 15 survivors (15360K)
 Metaspace       used 137267K, committed 139520K, reserved 1179648K
  class space    used 18406K, committed 19520K, reserved 1048576K
}
Event: 22.680 GC heap before
{Heap before GC invocations=69 (full 0):
 garbage-first heap   total 360448K, used 264192K [0x0000000080000000, 0x0000000100000000)
  region size 1024K, 99 young (101376K), 15 survivors (15360K)
 Metaspace       used 140642K, committed 142912K, reserved 1179648K
  class space    used 19009K, committed 20160K, reserved 1048576K
}
Event: 22.695 GC heap after
{Heap after GC invocations=70 (full 0):
 garbage-first heap   total 360448K, used 193018K [0x0000000080000000, 0x0000000100000000)
  region size 1024K, 13 young (13312K), 13 survivors (13312K)
 Metaspace       used 140642K, committed 142912K, reserved 1179648K
  class space    used 19009K, committed 20160K, reserved 1048576K
}
Event: 23.236 GC heap before
{Heap before GC invocations=70 (full 0):
 garbage-first heap   total 360448K, used 314874K [0x0000000080000000, 0x0000000100000000)
  region size 1024K, 133 young (136192K), 13 survivors (13312K)
 Metaspace       used 143915K, committed 146240K, reserved 1179648K
  class space    used 19387K, committed 20544K, reserved 1048576K
}
Event: 23.248 GC heap after
{Heap after GC invocations=71 (full 0):
 garbage-first heap   total 360448K, used 196000K [0x0000000080000000, 0x0000000100000000)
  region size 1024K, 6 young (6144K), 6 survivors (6144K)
 Metaspace       used 143915K, committed 146240K, reserved 1179648K
  class space    used 19387K, committed 20544K, reserved 1048576K
}
Event: 23.465 GC heap before
{Heap before GC invocations=71 (full 0):
 garbage-first heap   total 360448K, used 321952K [0x0000000080000000, 0x0000000100000000)
  region size 1024K, 129 young (132096K), 6 survivors (6144K)
 Metaspace       used 144449K, committed 146816K, reserved 1179648K
  class space    used 19423K, committed 20608K, reserved 1048576K
}
Event: 23.476 GC heap after
{Heap after GC invocations=72 (full 0):
 garbage-first heap   total 360448K, used 207360K [0x0000000080000000, 0x0000000100000000)
  region size 1024K, 17 young (17408K), 17 survivors (17408K)
 Metaspace       used 144449K, committed 146816K, reserved 1179648K
  class space    used 19423K, committed 20608K, reserved 1048576K
}

