# JRE version: OpenJDK Runtime Environment (21.0.3) (build 21.0.3+-12282718-b509.11)
# Java VM: OpenJDK 64-Bit Server VM (21.0.3+-12282718-b509.11, mixed mode, tiered, compressed oops, compressed class ptrs, g1 gc, windows-amd64)
GC Precious Log:
 CardTable entry size: 512
 Card Set container configuration: InlinePtr #cards 5 size 8 Array Of Cards #cards 12 size 40 Howl #buckets 4 coarsen threshold 1843 Howl Bitmap #cards 512 size 80 coarsen threshold 460 Card regions per heap region 1 cards per card region 2048
 CPUs: 6 total, 6 available
 Memory: 12230M
 Large Page Support: Disabled
 NUMA Support: Disabled
 Compressed Oops: Enabled (32-bit)
 Heap Region Size: 1M
 Heap Min Capacity: 8M
 Heap Initial Capacity: 192M
 Heap Max Capacity: 2G
 Pre-touch: Disabled
 Parallel Workers: 6
 Concurrent Workers: 2
 Concurrent Refinement Workers: 6
 Periodic GC: Disabled
Heap:
 garbage-first heap   total 153600K, used 97303K [0x0000000080000000, 0x0000000100000000)
  region size 1024K, 25 young (25600K), 3 survivors (3072K)
 Metaspace       used 60850K, committed 62336K, reserved 1114112K
  class space    used 8354K, committed 9088K, reserved 1048576K
GC Heap History (20 events):
Event: 2.493 GC heap before
{Heap before GC invocations=5 (full 0):
 garbage-first heap   total 75776K, used 74240K [0x0000000080000000, 0x0000000100000000)
  region size 1024K, 63 young (64512K), 10 survivors (10240K)
 Metaspace       used 29997K, committed 30592K, reserved 1114112K
  class space    used 3879K, committed 4160K, reserved 1048576K
}
Event: 2.500 GC heap after
{Heap after GC invocations=6 (full 0):
 garbage-first heap   total 90112K, used 24475K [0x0000000080000000, 0x0000000100000000)
  region size 1024K, 11 young (11264K), 11 survivors (11264K)
 Metaspace       used 29997K, committed 30592K, reserved 1114112K
  class space    used 3879K, committed 4160K, reserved 1048576K
}
Event: 3.067 GC heap before
{Heap before GC invocations=6 (full 0):
 garbage-first heap   total 90112K, used 78747K [0x0000000080000000, 0x0000000100000000)
  region size 1024K, 52 young (53248K), 11 survivors (11264K)
 Metaspace       used 35125K, committed 35968K, reserved 1114112K
  class space    used 4756K, committed 5184K, reserved 1048576K
}
Event: 3.077 GC heap after
{Heap after GC invocations=7 (full 0):
 garbage-first heap   total 97280K, used 42554K [0x0000000080000000, 0x0000000100000000)
  region size 1024K, 7 young (7168K), 7 survivors (7168K)
 Metaspace       used 35125K, committed 35968K, reserved 1114112K
  class space    used 4756K, committed 5184K, reserved 1048576K
}
Event: 3.096 GC heap before
{Heap before GC invocations=7 (full 0):
 garbage-first heap   total 97280K, used 42554K [0x0000000080000000, 0x0000000100000000)
  region size 1024K, 8 young (8192K), 7 survivors (7168K)
 Metaspace       used 35171K, committed 35968K, reserved 1114112K
  class space    used 4763K, committed 5184K, reserved 1048576K
}
Event: 3.100 GC heap after
{Heap after GC invocations=8 (full 0):
 garbage-first heap   total 97280K, used 43575K [0x0000000080000000, 0x0000000100000000)
  region size 1024K, 1 young (1024K), 1 survivors (1024K)
 Metaspace       used 35171K, committed 35968K, reserved 1114112K
  class space    used 4763K, committed 5184K, reserved 1048576K
}
Event: 3.534 GC heap before
{Heap before GC invocations=9 (full 0):
 garbage-first heap   total 97280K, used 83511K [0x0000000080000000, 0x0000000100000000)
  region size 1024K, 40 young (40960K), 1 survivors (1024K)
 Metaspace       used 40126K, committed 41216K, reserved 1114112K
  class space    used 5579K, committed 6080K, reserved 1048576K
}
Event: 3.536 GC heap after
{Heap after GC invocations=10 (full 0):
 garbage-first heap   total 97280K, used 44756K [0x0000000080000000, 0x0000000100000000)
  region size 1024K, 2 young (2048K), 2 survivors (2048K)
 Metaspace       used 40126K, committed 41216K, reserved 1114112K
  class space    used 5579K, committed 6080K, reserved 1048576K
}
Event: 3.946 GC heap before
{Heap before GC invocations=10 (full 0):
 garbage-first heap   total 97280K, used 84692K [0x0000000080000000, 0x0000000100000000)
  region size 1024K, 42 young (43008K), 2 survivors (2048K)
 Metaspace       used 47933K, committed 49216K, reserved 1114112K
  class space    used 6605K, committed 7232K, reserved 1048576K
}
Event: 3.950 GC heap after
{Heap after GC invocations=11 (full 0):
 garbage-first heap   total 97280K, used 48440K [0x0000000080000000, 0x0000000100000000)
  region size 1024K, 6 young (6144K), 6 survivors (6144K)
 Metaspace       used 47933K, committed 49216K, reserved 1114112K
  class space    used 6605K, committed 7232K, reserved 1048576K
}
Event: 4.117 GC heap before
{Heap before GC invocations=11 (full 0):
 garbage-first heap   total 97280K, used 79160K [0x0000000080000000, 0x0000000100000000)
  region size 1024K, 37 young (37888K), 6 survivors (6144K)
 Metaspace       used 49384K, committed 50688K, reserved 1114112K
  class space    used 6728K, committed 7360K, reserved 1048576K
}
Event: 4.122 GC heap after
{Heap after GC invocations=12 (full 0):
 garbage-first heap   total 97280K, used 51917K [0x0000000080000000, 0x0000000100000000)
  region size 1024K, 4 young (4096K), 4 survivors (4096K)
 Metaspace       used 49384K, committed 50688K, reserved 1114112K
  class space    used 6728K, committed 7360K, reserved 1048576K
}
Event: 4.512 GC heap before
{Heap before GC invocations=13 (full 0):
 garbage-first heap   total 97280K, used 91853K [0x0000000080000000, 0x0000000100000000)
  region size 1024K, 38 young (38912K), 4 survivors (4096K)
 Metaspace       used 54191K, committed 55616K, reserved 1114112K
  class space    used 7407K, committed 8128K, reserved 1048576K
}
Event: 4.516 GC heap after
{Heap after GC invocations=14 (full 0):
 garbage-first heap   total 98304K, used 53343K [0x0000000080000000, 0x0000000100000000)
  region size 1024K, 3 young (3072K), 3 survivors (3072K)
 Metaspace       used 54191K, committed 55616K, reserved 1114112K
  class space    used 7407K, committed 8128K, reserved 1048576K
}
Event: 5.830 GC heap before
{Heap before GC invocations=14 (full 0):
 garbage-first heap   total 98304K, used 94303K [0x0000000080000000, 0x0000000100000000)
  region size 1024K, 36 young (36864K), 3 survivors (3072K)
 Metaspace       used 56048K, committed 57536K, reserved 1114112K
  class space    used 7684K, committed 8384K, reserved 1048576K
}
Event: 5.835 GC heap after
{Heap after GC invocations=15 (full 0):
 garbage-first heap   total 105472K, used 66747K [0x0000000080000000, 0x0000000100000000)
  region size 1024K, 5 young (5120K), 5 survivors (5120K)
 Metaspace       used 56048K, committed 57536K, reserved 1114112K
  class space    used 7684K, committed 8384K, reserved 1048576K
}
Event: 5.877 GC heap before
{Heap before GC invocations=15 (full 0):
 garbage-first heap   total 105472K, used 69819K [0x0000000080000000, 0x0000000100000000)
  region size 1024K, 9 young (9216K), 5 survivors (5120K)
 Metaspace       used 56185K, committed 57664K, reserved 1114112K
  class space    used 7710K, committed 8448K, reserved 1048576K
}
Event: 5.880 GC heap after
{Heap after GC invocations=16 (full 0):
 garbage-first heap   total 105472K, used 68399K [0x0000000080000000, 0x0000000100000000)
  region size 1024K, 1 young (1024K), 1 survivors (1024K)
 Metaspace       used 56185K, committed 57664K, reserved 1114112K
  class space    used 7710K, committed 8448K, reserved 1048576K
}
Event: 6.047 GC heap before
{Heap before GC invocations=17 (full 0):
 garbage-first heap   total 128000K, used 101167K [0x0000000080000000, 0x0000000100000000)
  region size 1024K, 25 young (25600K), 1 survivors (1024K)
 Metaspace       used 58275K, committed 59840K, reserved 1114112K
  class space    used 7876K, committed 8640K, reserved 1048576K
}
Event: 6.049 GC heap after
{Heap after GC invocations=18 (full 0):
 garbage-first heap   total 153600K, used 75799K [0x0000000080000000, 0x0000000100000000)
  region size 1024K, 3 young (3072K), 3 survivors (3072K)
 Metaspace       used 58275K, committed 59840K, reserved 1114112K
  class space    used 7876K, committed 8640K, reserved 1048576K
}

